[10/Jun/2014:12:50:12 -0400] ps458-7tqtdx1.students.dc_schools.k12.dc.us TLSv1 DHE-RSA-AES128-SHA "GET /moodle/ HTTP/1.1" 112
[10/Jun/2014:12:50:12 -0400] ps458-7tqtdx1.students.dc_schools.k12.dc.us TLSv1 DHE-RSA-AES128-SHA "GET /favicon.ico HTTP/1.1" 7782
[10/Jun/2014:12:50:12 -0400] ps458-7tqtdx1.students.dc_schools.k12.dc.us TLSv1 DHE-RSA-AES128-SHA "GET /favicon.ico HTTP/1.1" 7782
[10/Jun/2014:12:50:12 -0400] ps458-7tqtdx1.students.dc_schools.k12.dc.us TLSv1 DHE-RSA-AES128-SHA "GET /favicon.ico HTTP/1.1" 7782
[10/Jun/2014:12:51:05 -0400] ps458-7tqtdx1.students.dc_schools.k12.dc.us TLSv1 DHE-RSA-AES128-SHA "GET /moodle/ HTTP/1.1" 731
[10/Jun/2014:12:51:08 -0400] ps458-7tqtdx1.students.dc_schools.k12.dc.us TLSv1 DHE-RSA-AES128-SHA "GET /favicon.ico HTTP/1.1" 7782
[10/Jun/2014:12:51:08 -0400] ps458-7tqtdx1.students.dc_schools.k12.dc.us TLSv1 DHE-RSA-AES128-SHA "GET /favicon.ico HTTP/1.1" 7782
[10/Jun/2014:12:51:09 -0400] ps458-7tqtdx1.students.dc_schools.k12.dc.us TLSv1 DHE-RSA-AES128-SHA "GET /favicon.ico HTTP/1.1" 7782
[10/Jun/2014:12:51:15 -0400] ps458-7tqtdx1.students.dc_schools.k12.dc.us TLSv1 DHE-RSA-AES128-SHA "GET /moodle/ HTTP/1.1" 731
[10/Jun/2014:12:51:18 -0400] ps458-7tqtdx1.students.dc_schools.k12.dc.us TLSv1 DHE-RSA-AES128-SHA "GET /favicon.ico HTTP/1.1" 7782
[10/Jun/2014:12:51:18 -0400] ps458-7tqtdx1.students.dc_schools.k12.dc.us TLSv1 DHE-RSA-AES128-SHA "GET /favicon.ico HTTP/1.1" 7782
[10/Jun/2014:12:51:18 -0400] ps458-7tqtdx1.students.dc_schools.k12.dc.us TLSv1 DHE-RSA-AES128-SHA "GET /favicon.ico HTTP/1.1" 7782
[10/Jun/2014:12:52:28 -0400] ps458-7tqtdx1.students.dc_schools.k12.dc.us TLSv1 DHE-RSA-AES128-SHA "GET /moodle/ HTTP/1.1" 731
[10/Jun/2014:12:53:07 -0400] ps458-7tqtdx1.students.dc_schools.k12.dc.us TLSv1 DHE-RSA-AES128-SHA "GET /moodle/ HTTP/1.1" 731
[10/Jun/2014:12:53:08 -0400] ps458-7tqtdx1.students.dc_schools.k12.dc.us TLSv1 DHE-RSA-AES128-SHA "GET /favicon.ico HTTP/1.1" 7782
[10/Jun/2014:12:53:08 -0400] ps458-7tqtdx1.students.dc_schools.k12.dc.us TLSv1 DHE-RSA-AES128-SHA "GET /favicon.ico HTTP/1.1" 7782
[10/Jun/2014:12:53:08 -0400] ps458-7tqtdx1.students.dc_schools.k12.dc.us TLSv1 DHE-RSA-AES128-SHA "GET /favicon.ico HTTP/1.1" 7782
[10/Jun/2014:12:58:16 -0400] ps458-7tqtdx1.students.dc_schools.k12.dc.us TLSv1 DHE-RSA-AES128-SHA "GET /moodle/ HTTP/1.1" 731
[10/Jun/2014:12:58:28 -0400] ps458-7tqtdx1.students.dc_schools.k12.dc.us TLSv1 DHE-RSA-AES128-SHA "GET /moodle/ HTTP/1.1" 731
[10/Jun/2014:12:58:29 -0400] ps458-7tqtdx1.students.dc_schools.k12.dc.us TLSv1 DHE-RSA-AES128-SHA "GET /favicon.ico HTTP/1.1" 7782
[10/Jun/2014:12:58:29 -0400] ps458-7tqtdx1.students.dc_schools.k12.dc.us TLSv1 DHE-RSA-AES128-SHA "GET /favicon.ico HTTP/1.1" 7782
[10/Jun/2014:12:58:29 -0400] ps458-7tqtdx1.students.dc_schools.k12.dc.us TLSv1 DHE-RSA-AES128-SHA "GET /favicon.ico HTTP/1.1" 7782
[10/Jun/2014:12:59:03 -0400] ps458-7tqtdx1.students.dc_schools.k12.dc.us TLSv1 DHE-RSA-AES128-SHA "GET /moodle/ HTTP/1.1" 731
[10/Jun/2014:12:59:05 -0400] ps458-7tqtdx1.students.dc_schools.k12.dc.us TLSv1 DHE-RSA-AES128-SHA "GET /favicon.ico HTTP/1.1" 7782
[10/Jun/2014:12:59:05 -0400] ps458-7tqtdx1.students.dc_schools.k12.dc.us TLSv1 DHE-RSA-AES128-SHA "GET /favicon.ico HTTP/1.1" 7782
[10/Jun/2014:12:59:05 -0400] ps458-7tqtdx1.students.dc_schools.k12.dc.us TLSv1 DHE-RSA-AES128-SHA "GET /favicon.ico HTTP/1.1" 7782
[10/Jun/2014:12:59:50 -0400] ps458-7tqtdx1.students.dc_schools.k12.dc.us TLSv1 DHE-RSA-AES128-SHA "GET /moodle/ HTTP/1.1" 630
[10/Jun/2014:12:59:50 -0400] ps458-7tqtdx1.students.dc_schools.k12.dc.us TLSv1 DHE-RSA-AES128-SHA "GET /favicon.ico HTTP/1.1" 7782
[10/Jun/2014:12:59:50 -0400] ps458-7tqtdx1.students.dc_schools.k12.dc.us TLSv1 DHE-RSA-AES128-SHA "GET /favicon.ico HTTP/1.1" 7782
[10/Jun/2014:12:59:50 -0400] ps458-7tqtdx1.students.dc_schools.k12.dc.us TLSv1 DHE-RSA-AES128-SHA "GET /favicon.ico HTTP/1.1" 7782
[10/Jun/2014:13:00:03 -0400] ps458-7tqtdx1.students.dc_schools.k12.dc.us TLSv1 DHE-RSA-AES128-SHA "GET /moodle/ HTTP/1.1" 629
[10/Jun/2014:13:00:03 -0400] ps458-7tqtdx1.students.dc_schools.k12.dc.us TLSv1 DHE-RSA-AES128-SHA "GET /favicon.ico HTTP/1.1" 7782
[10/Jun/2014:13:00:03 -0400] ps458-7tqtdx1.students.dc_schools.k12.dc.us TLSv1 DHE-RSA-AES128-SHA "GET /favicon.ico HTTP/1.1" 7782
[10/Jun/2014:13:00:03 -0400] ps458-7tqtdx1.students.dc_schools.k12.dc.us TLSv1 DHE-RSA-AES128-SHA "GET /favicon.ico HTTP/1.1" 7782
[10/Jun/2014:13:01:42 -0400] ps458-7tqtdx1.students.dc_schools.k12.dc.us TLSv1 DHE-RSA-AES128-SHA "GET /moodle/ HTTP/1.1" 731
[10/Jun/2014:13:01:43 -0400] ps458-7tqtdx1.students.dc_schools.k12.dc.us TLSv1 DHE-RSA-AES128-SHA "GET /favicon.ico HTTP/1.1" 7782
[10/Jun/2014:13:01:43 -0400] ps458-7tqtdx1.students.dc_schools.k12.dc.us TLSv1 DHE-RSA-AES128-SHA "GET /favicon.ico HTTP/1.1" 7782
[10/Jun/2014:13:01:43 -0400] ps458-7tqtdx1.students.dc_schools.k12.dc.us TLSv1 DHE-RSA-AES128-SHA "GET /favicon.ico HTTP/1.1" 7782
[12/Jun/2014:11:59:30 -0400] ps458s-7tntdx1.students.dc_schools.k12.dc.us TLSv1 DHE-RSA-AES128-SHA "GET /osclass/ HTTP/1.1" 12252
[12/Jun/2014:11:59:32 -0400] ps458s-7tntdx1.students.dc_schools.k12.dc.us TLSv1 DHE-RSA-AES128-SHA "GET /osclass/oc-content/themes/bender/js/jquery-ui/jquery-ui-1.10.2.custom.min.css?85150 HTTP/1.1" 27116
[12/Jun/2014:11:59:32 -0400] ps458s-7tntdx1.students.dc_schools.k12.dc.us TLSv1 DHE-RSA-AES128-SHA "GET /osclass/oc-includes/osclass/assets/js/fineuploader/fineuploader.css HTTP/1.1" 4875
[12/Jun/2014:11:59:32 -0400] ps458s-7tntdx1.students.dc_schools.k12.dc.us TLSv1 DHE-RSA-AES128-SHA "GET /osclass/oc-content/themes/bender/css/main.css?97165 HTTP/1.1" 45535
[12/Jun/2014:11:59:32 -0400] ps458s-7tntdx1.students.dc_schools.k12.dc.us TLSv1 DHE-RSA-AES128-SHA "GET /osclass/oc-content/themes/bender/css/ajax-uploader.css HTTP/1.1" 1226
[12/Jun/2014:11:59:32 -0400] ps458s-7tntdx1.students.dc_schools.k12.dc.us TLSv1 DHE-RSA-AES128-SHA "GET /osclass/oc-content/themes/bender/js/fancybox/jquery.fancybox.css HTTP/1.1" 3556
[12/Jun/2014:11:59:32 -0400] ps458s-7tntdx1.students.dc_schools.k12.dc.us TLSv1 DHE-RSA-AES128-SHA "GET /osclass/oc-content/themes/bender/js/fancybox/jquery.fancybox.pack.js HTTP/1.1" 15936
[12/Jun/2014:11:59:32 -0400] ps458s-7tntdx1.students.dc_schools.k12.dc.us TLSv1 DHE-RSA-AES128-SHA "GET /osclass/oc-includes/osclass/assets/js/date.js HTTP/1.1" 9834
[12/Jun/2014:11:59:32 -0400] ps458s-7tntdx1.students.dc_schools.k12.dc.us TLSv1 DHE-RSA-AES128-SHA "GET /osclass/oc-includes/osclass/assets/js/jquery.min.js HTTP/1.1" 92555
[12/Jun/2014:11:59:32 -0400] ps458s-7tntdx1.students.dc_schools.k12.dc.us TLSv1 DHE-RSA-AES128-SHA "GET /osclass/oc-includes/osclass/assets/js/fineuploader/jquery.fineuploader.min.js HTTP/1.1" 81100
[12/Jun/2014:11:59:32 -0400] ps458s-7tntdx1.students.dc_schools.k12.dc.us TLSv1 DHE-RSA-AES128-SHA "GET /osclass/oc-content/themes/bender/js/global.js HTTP/1.1" 7019
[12/Jun/2014:11:59:32 -0400] ps458s-7tntdx1.students.dc_schools.k12.dc.us TLSv1 DHE-RSA-AES128-SHA "GET /osclass/oc-includes/osclass/assets/js/jquery-ui.min.js HTTP/1.1" 228062
[12/Jun/2014:11:59:32 -0400] ps458s-7tntdx1.students.dc_schools.k12.dc.us TLSv1 DHE-RSA-AES128-SHA "GET /osclass/oc-content/themes/bender/fonts/osclass-regular.woff HTTP/1.1" 26152
[12/Jun/2014:11:59:32 -0400] ps458s-7tntdx1.students.dc_schools.k12.dc.us TLSv1 DHE-RSA-AES128-SHA "GET /osclass/oc-content/themes/bender/favicon/favicon-48.png HTTP/1.1" 1141
[12/Jun/2014:11:59:32 -0400] ps458s-7tntdx1.students.dc_schools.k12.dc.us TLSv1 DHE-RSA-AES128-SHA "GET /osclass/oc-content/themes/bender/favicon/favicon-48.png HTTP/1.1" 1141
[12/Jun/2014:11:59:32 -0400] ps458s-7tntdx1.students.dc_schools.k12.dc.us TLSv1 DHE-RSA-AES128-SHA "GET /osclass/oc-content/themes/bender/favicon/favicon-48.png HTTP/1.1" 1141
[12/Jun/2014:11:59:39 -0400] ps458s-7tntdx1.students.dc_schools.k12.dc.us TLSv1 DHE-RSA-AES128-SHA "GET /osclass/index.php?page=login HTTP/1.1" 7743
[12/Jun/2014:11:59:40 -0400] ps458s-7tntdx1.students.dc_schools.k12.dc.us TLSv1 DHE-RSA-AES128-SHA "GET /osclass/oc-content/themes/bender/js/jquery-ui/jquery-ui-1.10.2.custom.min.css?61929 HTTP/1.1" 27116
[12/Jun/2014:11:59:40 -0400] ps458s-7tntdx1.students.dc_schools.k12.dc.us TLSv1 DHE-RSA-AES128-SHA "GET /osclass/oc-content/themes/bender/css/main.css?92658 HTTP/1.1" 45535
[12/Jun/2014:11:59:54 -0400] ps458s-7tntdx1.students.dc_schools.k12.dc.us TLSv1 DHE-RSA-AES128-SHA "POST /osclass/index.php HTTP/1.1" -
[12/Jun/2014:11:59:55 -0400] ps458s-7tntdx1.students.dc_schools.k12.dc.us TLSv1 DHE-RSA-AES128-SHA "GET /osclass/index.php?page=login HTTP/1.1" 7902
[12/Jun/2014:11:59:57 -0400] ps458s-7tntdx1.students.dc_schools.k12.dc.us TLSv1 DHE-RSA-AES128-SHA "GET /osclass/oc-content/themes/bender/js/jquery-ui/jquery-ui-1.10.2.custom.min.css?21713 HTTP/1.1" 27116
[12/Jun/2014:11:59:57 -0400] ps458s-7tntdx1.students.dc_schools.k12.dc.us TLSv1 DHE-RSA-AES128-SHA "GET /osclass/oc-content/themes/bender/css/main.css?74732 HTTP/1.1" 45535
[12/Jun/2014:12:00:16 -0400] ps458s-7tntdx1.students.dc_schools.k12.dc.us TLSv1 DHE-RSA-AES128-SHA "POST /osclass/index.php HTTP/1.1" -
[12/Jun/2014:12:00:18 -0400] ps458s-7tntdx1.students.dc_schools.k12.dc.us TLSv1 DHE-RSA-AES128-SHA "GET /osclass/index.php?page=login HTTP/1.1" 7900
[12/Jun/2014:12:00:19 -0400] ps458s-7tntdx1.students.dc_schools.k12.dc.us TLSv1 DHE-RSA-AES128-SHA "GET /osclass/oc-content/themes/bender/css/main.css?48859 HTTP/1.1" 45535
[12/Jun/2014:12:00:19 -0400] ps458s-7tntdx1.students.dc_schools.k12.dc.us TLSv1 DHE-RSA-AES128-SHA "GET /osclass/oc-content/themes/bender/js/jquery-ui/jquery-ui-1.10.2.custom.min.css?747 HTTP/1.1" 27116
[12/Jun/2014:12:00:23 -0400] ps458s-7tntdx1.students.dc_schools.k12.dc.us TLSv1 DHE-RSA-AES128-SHA "GET /osclass/index.php?page=register&action=register HTTP/1.1" 10124
[12/Jun/2014:12:00:24 -0400] ps458s-7tntdx1.students.dc_schools.k12.dc.us TLSv1 DHE-RSA-AES128-SHA "GET /osclass/oc-content/themes/bender/js/jquery-ui/jquery-ui-1.10.2.custom.min.css?72641 HTTP/1.1" 27116
[12/Jun/2014:12:00:24 -0400] ps458s-7tntdx1.students.dc_schools.k12.dc.us TLSv1 DHE-RSA-AES128-SHA "GET /osclass/oc-content/themes/bender/css/main.css?50855 HTTP/1.1" 45535
[12/Jun/2014:12:00:24 -0400] ps458s-7tntdx1.students.dc_schools.k12.dc.us TLSv1 DHE-RSA-AES128-SHA "GET /osclass/oc-includes/osclass/assets/js/jquery.validate.min.js HTTP/1.1" 21078
[12/Jun/2014:12:00:34 -0400] ps458s-7tntdx1.students.dc_schools.k12.dc.us TLSv1 DHE-RSA-AES128-SHA "GET /osclass/oc-content/themes/bender/js/jquery-ui/jquery-ui-1.10.2.custom.min.css?17712 HTTP/1.1" 27116
[12/Jun/2014:12:00:34 -0400] ps458s-7tntdx1.students.dc_schools.k12.dc.us TLSv1 DHE-RSA-AES128-SHA "GET /osclass/oc-content/themes/bender/css/main.css?49576 HTTP/1.1" 45535
[12/Jun/2014:12:00:32 -0400] ps458s-7tntdx1.students.dc_schools.k12.dc.us TLSv1 DHE-RSA-AES128-SHA "GET /osclass/ HTTP/1.1" 12252
[12/Jun/2014:12:00:36 -0400] ps458s-7tntdx1.students.dc_schools.k12.dc.us TLSv1 DHE-RSA-AES128-SHA "GET /osclass/index.php?page=login HTTP/1.1" 7743
[12/Jun/2014:12:00:38 -0400] ps458s-7tntdx1.students.dc_schools.k12.dc.us TLSv1 DHE-RSA-AES128-SHA "GET /osclass/oc-content/themes/bender/css/main.css?99595 HTTP/1.1" 45535
[12/Jun/2014:12:00:38 -0400] ps458s-7tntdx1.students.dc_schools.k12.dc.us TLSv1 DHE-RSA-AES128-SHA "GET /osclass/oc-content/themes/bender/js/jquery-ui/jquery-ui-1.10.2.custom.min.css?71124 HTTP/1.1" 27116
[12/Jun/2014:12:00:56 -0400] ps458s-7tntdx1.students.dc_schools.k12.dc.us TLSv1 DHE-RSA-AES128-SHA "POST /osclass/index.php HTTP/1.1" -
[12/Jun/2014:12:00:58 -0400] ps458s-7tntdx1.students.dc_schools.k12.dc.us TLSv1 DHE-RSA-AES128-SHA "GET /osclass/index.php?page=login HTTP/1.1" 7902
[12/Jun/2014:12:00:59 -0400] ps458s-7tntdx1.students.dc_schools.k12.dc.us TLSv1 DHE-RSA-AES128-SHA "GET /osclass/oc-content/themes/bender/js/jquery-ui/jquery-ui-1.10.2.custom.min.css?88746 HTTP/1.1" 27116
[12/Jun/2014:12:00:59 -0400] ps458s-7tntdx1.students.dc_schools.k12.dc.us TLSv1 DHE-RSA-AES128-SHA "GET /osclass/oc-content/themes/bender/css/main.css?73392 HTTP/1.1" 45535
[12/Jun/2014:12:01:03 -0400] ps458s-7tntdx1.students.dc_schools.k12.dc.us TLSv1 DHE-RSA-AES128-SHA "GET /osclass/index.php?page=login&action=recover HTTP/1.1" 7004
[12/Jun/2014:12:01:05 -0400] ps458s-7tntdx1.students.dc_schools.k12.dc.us TLSv1 DHE-RSA-AES128-SHA "GET /osclass/oc-content/themes/bender/js/jquery-ui/jquery-ui-1.10.2.custom.min.css?43314 HTTP/1.1" 27116
[12/Jun/2014:12:01:05 -0400] ps458s-7tntdx1.students.dc_schools.k12.dc.us TLSv1 DHE-RSA-AES128-SHA "GET /osclass/oc-content/themes/bender/css/main.css?44794 HTTP/1.1" 45535
[12/Jun/2014:12:01:10 -0400] ps458s-7tntdx1.students.dc_schools.k12.dc.us TLSv1 DHE-RSA-AES128-SHA "GET /osclass/index.php?page=login HTTP/1.1" 7743
[12/Jun/2014:12:01:11 -0400] ps458s-7tntdx1.students.dc_schools.k12.dc.us TLSv1 DHE-RSA-AES128-SHA "GET /osclass/oc-content/themes/bender/js/jquery-ui/jquery-ui-1.10.2.custom.min.css?23309 HTTP/1.1" 27116
[12/Jun/2014:12:01:11 -0400] ps458s-7tntdx1.students.dc_schools.k12.dc.us TLSv1 DHE-RSA-AES128-SHA "GET /osclass/oc-content/themes/bender/css/main.css?19015 HTTP/1.1" 45535
[12/Jun/2014:12:01:23 -0400] ps458s-7tntdx1.students.dc_schools.k12.dc.us TLSv1 DHE-RSA-AES128-SHA "POST /osclass/index.php HTTP/1.1" -
[12/Jun/2014:12:01:24 -0400] ps458s-7tntdx1.students.dc_schools.k12.dc.us TLSv1 DHE-RSA-AES128-SHA "GET /osclass/index.php?page=login HTTP/1.1" 7902
[12/Jun/2014:12:01:26 -0400] ps458s-7tntdx1.students.dc_schools.k12.dc.us TLSv1 DHE-RSA-AES128-SHA "GET /osclass/oc-content/themes/bender/js/jquery-ui/jquery-ui-1.10.2.custom.min.css?60812 HTTP/1.1" 27116
[12/Jun/2014:12:01:26 -0400] ps458s-7tntdx1.students.dc_schools.k12.dc.us TLSv1 DHE-RSA-AES128-SHA "GET /osclass/oc-content/themes/bender/css/main.css?67786 HTTP/1.1" 45535
[12/Jun/2014:12:01:32 -0400] ps458s-7tntdx1.students.dc_schools.k12.dc.us TLSv1 DHE-RSA-AES128-SHA "GET /osclass/oc-content/themes/bender/js/jquery-ui/jquery-ui-1.10.2.custom.min.css?20901 HTTP/1.1" 27116
[12/Jun/2014:12:01:32 -0400] ps458s-7tntdx1.students.dc_schools.k12.dc.us TLSv1 DHE-RSA-AES128-SHA "GET /osclass/oc-content/themes/bender/css/main.css?76874 HTTP/1.1" 45535
[12/Jun/2014:12:01:30 -0400] ps458s-7tntdx1.students.dc_schools.k12.dc.us TLSv1 DHE-RSA-AES128-SHA "GET /osclass/ HTTP/1.1" 12252
[12/Jun/2014:12:01:41 -0400] ps458s-7tntdx1.students.dc_schools.k12.dc.us TLSv1 DHE-RSA-AES128-SHA "GET /osclass/index.php?page=register&action=register HTTP/1.1" 10124
[12/Jun/2014:12:01:42 -0400] ps458s-7tntdx1.students.dc_schools.k12.dc.us TLSv1 DHE-RSA-AES128-SHA "GET /osclass/oc-content/themes/bender/js/jquery-ui/jquery-ui-1.10.2.custom.min.css?32541 HTTP/1.1" 27116
[12/Jun/2014:12:01:42 -0400] ps458s-7tntdx1.students.dc_schools.k12.dc.us TLSv1 DHE-RSA-AES128-SHA "GET /osclass/oc-content/themes/bender/css/main.css?61194 HTTP/1.1" 45535
[12/Jun/2014:12:02:11 -0400] ps458s-7tntdx1.students.dc_schools.k12.dc.us TLSv1 DHE-RSA-AES128-SHA "POST /osclass/index.php HTTP/1.1" -
[12/Jun/2014:12:02:16 -0400] ps458s-7tntdx1.students.dc_schools.k12.dc.us TLSv1 DHE-RSA-AES128-SHA "GET /osclass/ HTTP/1.1" 12446
[12/Jun/2014:12:02:17 -0400] ps458s-7tntdx1.students.dc_schools.k12.dc.us TLSv1 DHE-RSA-AES128-SHA "GET /osclass/oc-content/themes/bender/js/jquery-ui/jquery-ui-1.10.2.custom.min.css?95255 HTTP/1.1" 27116
[12/Jun/2014:12:02:17 -0400] ps458s-7tntdx1.students.dc_schools.k12.dc.us TLSv1 DHE-RSA-AES128-SHA "GET /osclass/oc-content/themes/bender/css/main.css?62604 HTTP/1.1" 45535
[12/Jun/2014:12:02:24 -0400] ps458s-7tntdx1.students.dc_schools.k12.dc.us TLSv1 DHE-RSA-AES128-SHA "GET /osclass/index.php?page=login HTTP/1.1" 7743
[12/Jun/2014:12:02:25 -0400] ps458s-7tntdx1.students.dc_schools.k12.dc.us TLSv1 DHE-RSA-AES128-SHA "GET /osclass/oc-content/themes/bender/js/jquery-ui/jquery-ui-1.10.2.custom.min.css?33359 HTTP/1.1" 27116
[12/Jun/2014:12:02:26 -0400] ps458s-7tntdx1.students.dc_schools.k12.dc.us TLSv1 DHE-RSA-AES128-SHA "GET /osclass/oc-content/themes/bender/css/main.css?81592 HTTP/1.1" 45535
[12/Jun/2014:12:02:53 -0400] ps458s-7tntdx1.students.dc_schools.k12.dc.us TLSv1 DHE-RSA-AES128-SHA "POST /osclass/index.php HTTP/1.1" -
[12/Jun/2014:12:02:54 -0400] ps458s-7tntdx1.students.dc_schools.k12.dc.us TLSv1 DHE-RSA-AES128-SHA "GET /osclass/index.php?page=login HTTP/1.1" 7902
[12/Jun/2014:12:02:56 -0400] ps458s-7tntdx1.students.dc_schools.k12.dc.us TLSv1 DHE-RSA-AES128-SHA "GET /osclass/oc-content/themes/bender/js/jquery-ui/jquery-ui-1.10.2.custom.min.css?11926 HTTP/1.1" 27116
[12/Jun/2014:12:02:56 -0400] ps458s-7tntdx1.students.dc_schools.k12.dc.us TLSv1 DHE-RSA-AES128-SHA "GET /osclass/oc-content/themes/bender/css/main.css?81388 HTTP/1.1" 45535
[12/Jun/2014:12:03:18 -0400] ps458s-7tntdx1.students.dc_schools.k12.dc.us TLSv1 DHE-RSA-AES128-SHA "GET /osclass/index.php?page=item&action=item_add HTTP/1.1" 31625
[12/Jun/2014:12:03:20 -0400] ps458s-7tntdx1.students.dc_schools.k12.dc.us TLSv1 DHE-RSA-AES128-SHA "GET /osclass/oc-content/themes/bender/js/jquery-ui/jquery-ui-1.10.2.custom.min.css?51080 HTTP/1.1" 27116
[12/Jun/2014:12:03:20 -0400] ps458s-7tntdx1.students.dc_schools.k12.dc.us TLSv1 DHE-RSA-AES128-SHA "GET /osclass/oc-content/themes/bender/css/main.css?77304 HTTP/1.1" 45535
[12/Jun/2014:12:03:30 -0400] ps458s-7tntdx1.students.dc_schools.k12.dc.us TLSv1 DHE-RSA-AES128-SHA "GET /osclass/admin HTTP/1.1" 1075
[12/Jun/2014:12:03:30 -0400] ps458s-7tntdx1.students.dc_schools.k12.dc.us TLSv1 DHE-RSA-AES128-SHA "GET /favicon.ico HTTP/1.1" 7782
[12/Jun/2014:12:03:30 -0400] ps458s-7tntdx1.students.dc_schools.k12.dc.us TLSv1 DHE-RSA-AES128-SHA "GET /favicon.ico HTTP/1.1" 7782
[12/Jun/2014:12:03:30 -0400] ps458s-7tntdx1.students.dc_schools.k12.dc.us TLSv1 DHE-RSA-AES128-SHA "GET /favicon.ico HTTP/1.1" 7782
[12/Jun/2014:12:04:42 -0400] ps458s-7tntdx1.students.dc_schools.k12.dc.us TLSv1 DHE-RSA-AES128-SHA "GET /osclass/index.php?page=item&action=item_add HTTP/1.1" 31625
[12/Jun/2014:12:04:44 -0400] ps458s-7tntdx1.students.dc_schools.k12.dc.us TLSv1 DHE-RSA-AES128-SHA "GET /osclass/oc-content/themes/bender/js/jquery-ui/jquery-ui-1.10.2.custom.min.css?56180 HTTP/1.1" 27116
[12/Jun/2014:12:04:44 -0400] ps458s-7tntdx1.students.dc_schools.k12.dc.us TLSv1 DHE-RSA-AES128-SHA "GET /osclass/oc-content/themes/bender/css/main.css?59711 HTTP/1.1" 45535
[12/Jun/2014:12:04:49 -0400] ps458s-7tntdx1.students.dc_schools.k12.dc.us TLSv1 DHE-RSA-AES128-SHA "GET /osclass/index.php?page=login HTTP/1.1" 7743
[12/Jun/2014:12:04:51 -0400] ps458s-7tntdx1.students.dc_schools.k12.dc.us TLSv1 DHE-RSA-AES128-SHA "GET /osclass/oc-content/themes/bender/js/jquery-ui/jquery-ui-1.10.2.custom.min.css?70059 HTTP/1.1" 27116
[12/Jun/2014:12:04:51 -0400] ps458s-7tntdx1.students.dc_schools.k12.dc.us TLSv1 DHE-RSA-AES128-SHA "GET /osclass/oc-content/themes/bender/css/main.css?16314 HTTP/1.1" 45535
[12/Jun/2014:12:05:22 -0400] ps458s-7tntdx1.students.dc_schools.k12.dc.us TLSv1 DHE-RSA-AES128-SHA "POST /osclass/index.php HTTP/1.1" -
[12/Jun/2014:12:05:25 -0400] ps458s-7tntdx1.students.dc_schools.k12.dc.us TLSv1 DHE-RSA-AES128-SHA "GET /osclass/index.php?page=login HTTP/1.1" 7905
[12/Jun/2014:12:05:26 -0400] ps458s-7tntdx1.students.dc_schools.k12.dc.us TLSv1 DHE-RSA-AES128-SHA "GET /osclass/oc-content/themes/bender/js/jquery-ui/jquery-ui-1.10.2.custom.min.css?44736 HTTP/1.1" 27116
[12/Jun/2014:12:05:26 -0400] ps458s-7tntdx1.students.dc_schools.k12.dc.us TLSv1 DHE-RSA-AES128-SHA "GET /osclass/oc-content/themes/bender/css/main.css?96680 HTTP/1.1" 45535
[12/Jun/2014:12:06:06 -0400] ps458s-7tntdx1.students.dc_schools.k12.dc.us TLSv1 DHE-RSA-AES128-SHA "POST /osclass/index.php HTTP/1.1" -
[12/Jun/2014:12:06:09 -0400] ps458s-7tntdx1.students.dc_schools.k12.dc.us TLSv1 DHE-RSA-AES128-SHA "GET /osclass/index.php?page=login HTTP/1.1" 7905
[12/Jun/2014:12:06:10 -0400] ps458s-7tntdx1.students.dc_schools.k12.dc.us TLSv1 DHE-RSA-AES128-SHA "GET /osclass/oc-content/themes/bender/js/jquery-ui/jquery-ui-1.10.2.custom.min.css?87851 HTTP/1.1" 27116
[12/Jun/2014:12:06:10 -0400] ps458s-7tntdx1.students.dc_schools.k12.dc.us TLSv1 DHE-RSA-AES128-SHA "GET /osclass/oc-content/themes/bender/css/main.css?21240 HTTP/1.1" 45535
[12/Jun/2014:12:06:33 -0400] ps458s-7tntdx1.students.dc_schools.k12.dc.us TLSv1 DHE-RSA-AES128-SHA "POST /osclass/index.php HTTP/1.1" -
[12/Jun/2014:12:06:36 -0400] ps458s-7tntdx1.students.dc_schools.k12.dc.us TLSv1 DHE-RSA-AES128-SHA "GET /osclass/index.php?page=login HTTP/1.1" 7905
[12/Jun/2014:12:06:37 -0400] ps458s-7tntdx1.students.dc_schools.k12.dc.us TLSv1 DHE-RSA-AES128-SHA "GET /osclass/oc-content/themes/bender/js/jquery-ui/jquery-ui-1.10.2.custom.min.css?49265 HTTP/1.1" 27116
[12/Jun/2014:12:06:37 -0400] ps458s-7tntdx1.students.dc_schools.k12.dc.us TLSv1 DHE-RSA-AES128-SHA "GET /osclass/oc-content/themes/bender/css/main.css?21570 HTTP/1.1" 45535
[12/Jun/2014:12:07:25 -0400] ps458s-7tntdx1.students.dc_schools.k12.dc.us TLSv1 DHE-RSA-AES128-SHA "POST /osclass/index.php HTTP/1.1" -
[12/Jun/2014:12:07:28 -0400] ps458s-7tntdx1.students.dc_schools.k12.dc.us TLSv1 DHE-RSA-AES128-SHA "GET /osclass/index.php?page=login HTTP/1.1" 7905
[12/Jun/2014:12:07:29 -0400] ps458s-7tntdx1.students.dc_schools.k12.dc.us TLSv1 DHE-RSA-AES128-SHA "GET /osclass/oc-content/themes/bender/js/jquery-ui/jquery-ui-1.10.2.custom.min.css?75760 HTTP/1.1" 27116
[12/Jun/2014:12:07:29 -0400] ps458s-7tntdx1.students.dc_schools.k12.dc.us TLSv1 DHE-RSA-AES128-SHA "GET /osclass/oc-content/themes/bender/css/main.css?68939 HTTP/1.1" 45535
[12/Jun/2014:12:07:47 -0400] ps458s-7tntdx1.students.dc_schools.k12.dc.us TLSv1 DHE-RSA-AES128-SHA "POST /osclass/index.php HTTP/1.1" -
[12/Jun/2014:12:07:50 -0400] ps458s-7tntdx1.students.dc_schools.k12.dc.us TLSv1 DHE-RSA-AES128-SHA "GET /osclass/index.php?page=login HTTP/1.1" 7905
[12/Jun/2014:12:07:51 -0400] ps458s-7tntdx1.students.dc_schools.k12.dc.us TLSv1 DHE-RSA-AES128-SHA "GET /osclass/oc-content/themes/bender/js/jquery-ui/jquery-ui-1.10.2.custom.min.css?77860 HTTP/1.1" 27116
[12/Jun/2014:12:07:51 -0400] ps458s-7tntdx1.students.dc_schools.k12.dc.us TLSv1 DHE-RSA-AES128-SHA "GET /osclass/oc-content/themes/bender/css/main.css?22796 HTTP/1.1" 45535
[12/Jun/2014:12:08:13 -0400] ps458s-7tntdx1.students.dc_schools.k12.dc.us TLSv1 DHE-RSA-AES128-SHA "POST /osclass/index.php HTTP/1.1" -
[12/Jun/2014:12:08:16 -0400] ps458s-7tntdx1.students.dc_schools.k12.dc.us TLSv1 DHE-RSA-AES128-SHA "GET /osclass/index.php?page=login HTTP/1.1" 7905
[12/Jun/2014:12:08:17 -0400] ps458s-7tntdx1.students.dc_schools.k12.dc.us TLSv1 DHE-RSA-AES128-SHA "GET /osclass/oc-content/themes/bender/js/jquery-ui/jquery-ui-1.10.2.custom.min.css?30173 HTTP/1.1" 27116
[12/Jun/2014:12:08:17 -0400] ps458s-7tntdx1.students.dc_schools.k12.dc.us TLSv1 DHE-RSA-AES128-SHA "GET /osclass/oc-content/themes/bender/css/main.css?15564 HTTP/1.1" 45535
[12/Jun/2014:12:08:36 -0400] ps458s-7tntdx1.students.dc_schools.k12.dc.us TLSv1 DHE-RSA-AES128-SHA "POST /osclass/index.php HTTP/1.1" -
[12/Jun/2014:12:08:39 -0400] ps458s-7tntdx1.students.dc_schools.k12.dc.us TLSv1 DHE-RSA-AES128-SHA "GET /osclass/index.php?page=login HTTP/1.1" 7905
[12/Jun/2014:12:08:40 -0400] ps458s-7tntdx1.students.dc_schools.k12.dc.us TLSv1 DHE-RSA-AES128-SHA "GET /osclass/oc-content/themes/bender/js/jquery-ui/jquery-ui-1.10.2.custom.min.css?25631 HTTP/1.1" 27116
[12/Jun/2014:12:08:40 -0400] ps458s-7tntdx1.students.dc_schools.k12.dc.us TLSv1 DHE-RSA-AES128-SHA "GET /osclass/oc-content/themes/bender/css/main.css?45593 HTTP/1.1" 45535
[12/Jun/2014:12:08:45 -0400] ps458s-7tntdx1.students.dc_schools.k12.dc.us TLSv1 DHE-RSA-AES128-SHA "GET /osclass/index.php?page=login&action=recover HTTP/1.1" 7004
[12/Jun/2014:12:08:46 -0400] ps458s-7tntdx1.students.dc_schools.k12.dc.us TLSv1 DHE-RSA-AES128-SHA "GET /osclass/oc-content/themes/bender/js/jquery-ui/jquery-ui-1.10.2.custom.min.css?13589 HTTP/1.1" 27116
[12/Jun/2014:12:08:46 -0400] ps458s-7tntdx1.students.dc_schools.k12.dc.us TLSv1 DHE-RSA-AES128-SHA "GET /osclass/oc-content/themes/bender/css/main.css?73615 HTTP/1.1" 45535
[12/Jun/2014:12:08:55 -0400] ps458s-7tntdx1.students.dc_schools.k12.dc.us TLSv1 DHE-RSA-AES128-SHA "POST /osclass/index.php HTTP/1.1" -
[12/Jun/2014:12:08:56 -0400] ps458s-7tntdx1.students.dc_schools.k12.dc.us TLSv1 DHE-RSA-AES128-SHA "GET /osclass/ HTTP/1.1" 12456
[12/Jun/2014:12:08:58 -0400] ps458s-7tntdx1.students.dc_schools.k12.dc.us TLSv1 DHE-RSA-AES128-SHA "POST /osclass/index.php HTTP/1.1" -
[12/Jun/2014:12:09:01 -0400] ps458s-7tntdx1.students.dc_schools.k12.dc.us TLSv1 DHE-RSA-AES128-SHA "GET /osclass/ HTTP/1.1" 12456
[12/Jun/2014:12:09:03 -0400] ps458s-7tntdx1.students.dc_schools.k12.dc.us TLSv1 DHE-RSA-AES128-SHA "GET /osclass/oc-content/themes/bender/js/jquery-ui/jquery-ui-1.10.2.custom.min.css?41644 HTTP/1.1" 27116
[12/Jun/2014:12:09:03 -0400] ps458s-7tntdx1.students.dc_schools.k12.dc.us TLSv1 DHE-RSA-AES128-SHA "GET /osclass/oc-content/themes/bender/css/main.css?30026 HTTP/1.1" 45535
[12/Jun/2014:12:09:45 -0400] ps458s-7tntdx1.students.dc_schools.k12.dc.us TLSv1 DHE-RSA-AES128-SHA "GET /osclass/ HTTP/1.1" 12252
[12/Jun/2014:12:09:47 -0400] ps458s-7tntdx1.students.dc_schools.k12.dc.us TLSv1 DHE-RSA-AES128-SHA "GET /osclass/oc-content/themes/bender/js/jquery-ui/jquery-ui-1.10.2.custom.min.css?24368 HTTP/1.1" 27116
[12/Jun/2014:12:09:47 -0400] ps458s-7tntdx1.students.dc_schools.k12.dc.us TLSv1 DHE-RSA-AES128-SHA "GET /osclass/oc-content/themes/bender/css/main.css?79755 HTTP/1.1" 45535
[12/Jun/2014:12:09:50 -0400] ps458s-7tntdx1.students.dc_schools.k12.dc.us TLSv1 DHE-RSA-AES128-SHA "GET /osclass/index.php?page=login HTTP/1.1" 7743
[12/Jun/2014:12:09:51 -0400] ps458s-7tntdx1.students.dc_schools.k12.dc.us TLSv1 DHE-RSA-AES128-SHA "GET /osclass/oc-content/themes/bender/js/jquery-ui/jquery-ui-1.10.2.custom.min.css?15396 HTTP/1.1" 27116
[12/Jun/2014:12:09:51 -0400] ps458s-7tntdx1.students.dc_schools.k12.dc.us TLSv1 DHE-RSA-AES128-SHA "GET /osclass/oc-content/themes/bender/css/main.css?45538 HTTP/1.1" 45535
[12/Jun/2014:12:10:36 -0400] ps458s-7tntdx1.students.dc_schools.k12.dc.us TLSv1 DHE-RSA-AES128-SHA "POST /osclass/index.php HTTP/1.1" -
[12/Jun/2014:12:10:40 -0400] ps458s-7tntdx1.students.dc_schools.k12.dc.us TLSv1 DHE-RSA-AES128-SHA "GET /osclass/index.php?page=login HTTP/1.1" 7905
[12/Jun/2014:12:10:48 -0400] ps458s-7tntdx1.students.dc_schools.k12.dc.us TLSv1 DHE-RSA-AES128-SHA "GET /osclass/oc-content/themes/bender/js/jquery-ui/jquery-ui-1.10.2.custom.min.css?46417 HTTP/1.1" 27116
[12/Jun/2014:12:10:48 -0400] ps458s-7tntdx1.students.dc_schools.k12.dc.us TLSv1 DHE-RSA-AES128-SHA "GET /osclass/oc-content/themes/bender/css/main.css?56528 HTTP/1.1" 45535
[12/Jun/2014:12:10:59 -0400] ps458s-7tntdx1.students.dc_schools.k12.dc.us TLSv1 DHE-RSA-AES128-SHA "POST /osclass/index.php HTTP/1.1" -
[12/Jun/2014:12:11:05 -0400] ps458s-7tntdx1.students.dc_schools.k12.dc.us TLSv1 DHE-RSA-AES128-SHA "GET /osclass/index.php?page=login HTTP/1.1" 7904
[12/Jun/2014:12:11:07 -0400] ps458s-7tntdx1.students.dc_schools.k12.dc.us TLSv1 DHE-RSA-AES128-SHA "GET /osclass/oc-content/themes/bender/js/jquery-ui/jquery-ui-1.10.2.custom.min.css?5749 HTTP/1.1" 27116
[12/Jun/2014:12:11:07 -0400] ps458s-7tntdx1.students.dc_schools.k12.dc.us TLSv1 DHE-RSA-AES128-SHA "GET /osclass/oc-content/themes/bender/css/main.css?70621 HTTP/1.1" 45535
[12/Jun/2014:12:11:27 -0400] ps458s-7tntdx1.students.dc_schools.k12.dc.us TLSv1 DHE-RSA-AES128-SHA "POST /osclass/index.php HTTP/1.1" -
[12/Jun/2014:12:11:46 -0400] ps458s-7tntdx1.students.dc_schools.k12.dc.us TLSv1 DHE-RSA-AES128-SHA "GET /osclass/index.php?page=login HTTP/1.1" 7905
[12/Jun/2014:12:11:48 -0400] ps458s-7tntdx1.students.dc_schools.k12.dc.us TLSv1 DHE-RSA-AES128-SHA "GET /osclass/oc-content/themes/bender/js/jquery-ui/jquery-ui-1.10.2.custom.min.css?82645 HTTP/1.1" 27116
[12/Jun/2014:12:11:48 -0400] ps458s-7tntdx1.students.dc_schools.k12.dc.us TLSv1 DHE-RSA-AES128-SHA "GET /osclass/oc-content/themes/bender/css/main.css?94379 HTTP/1.1" 45535
[12/Jun/2014:12:13:00 -0400] ps458s-7tntdx1.students.dc_schools.k12.dc.us TLSv1 DHE-RSA-AES128-SHA "POST /osclass/index.php HTTP/1.1" -
[12/Jun/2014:12:13:03 -0400] ps458s-7tntdx1.students.dc_schools.k12.dc.us TLSv1 DHE-RSA-AES128-SHA "GET /osclass/index.php?page=login HTTP/1.1" 7904
[12/Jun/2014:12:13:05 -0400] ps458s-7tntdx1.students.dc_schools.k12.dc.us TLSv1 DHE-RSA-AES128-SHA "GET /osclass/oc-content/themes/bender/js/jquery-ui/jquery-ui-1.10.2.custom.min.css?1461 HTTP/1.1" 27116
[12/Jun/2014:12:13:05 -0400] ps458s-7tntdx1.students.dc_schools.k12.dc.us TLSv1 DHE-RSA-AES128-SHA "GET /osclass/oc-content/themes/bender/css/main.css?86072 HTTP/1.1" 45535
[12/Jun/2014:19:53:14 -0400] ps458s-5kr6mvioin60.students.dc_schools.k12.dc.us TLSv1 DHE-RSA-AES256-SHA "GET /moodle HTTP/1.1" 333
[12/Jun/2014:19:53:14 -0400] ps458s-5kr6mvioin60.students.dc_schools.k12.dc.us TLSv1 DHE-RSA-AES256-SHA "GET /moodle/ HTTP/1.1" 112
[12/Jun/2014:19:53:15 -0400] ps458s-5kr6mvioin60.students.dc_schools.k12.dc.us TLSv1 DHE-RSA-AES256-SHA "GET /favicon.ico HTTP/1.1" 7782
[12/Jun/2014:19:55:46 -0400] ps458s-5kr6mvioin60.students.dc_schools.k12.dc.us TLSv1 DHE-RSA-AES256-SHA "GET /moodle/ HTTP/1.1" 1131
[12/Jun/2014:19:56:21 -0400] ps458s-5kr6mvioin60.students.dc_schools.k12.dc.us TLSv1 DHE-RSA-AES256-SHA "GET /favicon.ico HTTP/1.1" 7782
[12/Jun/2014:19:58:35 -0400] ps458s-5kr6mvioin60.students.dc_schools.k12.dc.us TLSv1 DHE-RSA-AES256-SHA "GET /moodle/ HTTP/1.1" 1131
[13/Jun/2014:16:12:56 -0400] ps458s-5kr6mvioin60.students.dc_schools.k12.dc.us - - "GET / HTTP/1.0" 1008
[13/Jun/2014:16:12:58 -0400] ps458s-5kr6mvioin60.students.dc_schools.k12.dc.us - - "GET / HTTP/1.0" 1008
[13/Jun/2014:16:13:12 -0400] ps458s-5kr6mvioin60.students.dc_schools.k12.dc.us TLSv1 DHE-RSA-AES256-SHA "GET /owncloud HTTP/1.1" 575
[13/Jun/2014:16:13:13 -0400] ps458s-5kr6mvioin60.students.dc_schools.k12.dc.us TLSv1 DHE-RSA-AES256-SHA "GET /favicon.ico HTTP/1.1" 7782
[13/Jun/2014:16:13:20 -0400] ps458s-5kr6mvioin60.students.dc_schools.k12.dc.us TLSv1 DHE-RSA-AES256-SHA "GET /owncloud HTTP/1.1" 575
